11:22:07.013 [main] INFO  api.test.UserTests - ************* Create User ***********
11:22:12.322 [main] INFO  api.test.UserTests - ************** User is Created ***********
11:22:12.359 [main] INFO  api.test.UserTests - *********** Reading User Info ************
11:22:13.746 [main] INFO  api.test.UserTests - Details of Created User ***********
11:22:13.764 [main] INFO  api.test.UserTests - ********** Updating User *************
11:22:15.456 [main] INFO  api.test.UserTests - ********** User Updated *************
11:22:16.825 [main] INFO  api.test.UserTests - *********** Deleting User *********
11:22:18.180 [main] INFO  api.test.UserTests - ********** User Deleted **********
12:14:50.616 [main] INFO  api.test.UserTests2 - ************* Create User ***********
12:14:58.311 [main] INFO  api.test.UserTests2 - ************** User is Created ***********
12:14:58.347 [main] INFO  api.test.UserTests2 - *********** Reading User Info ************
12:15:00.868 [main] INFO  api.test.UserTests2 - Details of Created User ***********
12:15:00.876 [main] INFO  api.test.UserTests2 - ********** Updating User *************
12:15:03.165 [main] INFO  api.test.UserTests2 - ********** User Updated *************
12:15:06.706 [main] INFO  api.test.UserTests2 - *********** Deleting User *********
12:15:10.080 [main] INFO  api.test.UserTests2 - ********** User Deleted **********
12:17:27.042 [main] INFO  api.test.UserTests - ************* Create User ***********
12:17:34.464 [main] INFO  api.test.UserTests - ************** User is Created ***********
12:17:34.496 [main] INFO  api.test.UserTests - *********** Reading User Info ************
12:17:38.254 [main] INFO  api.test.UserTests - Details of Created User ***********
12:17:38.262 [main] INFO  api.test.UserTests - ********** Updating User *************
12:17:42.455 [main] INFO  api.test.UserTests - ********** User Updated *************
12:17:47.103 [main] INFO  api.test.UserTests - *********** Deleting User *********
12:17:50.540 [main] INFO  api.test.UserTests - ********** User Deleted **********
12:17:50.662 [main] INFO  api.test.UserTests2 - ************* Create User ***********
12:17:54.432 [main] INFO  api.test.UserTests2 - ************** User is Created ***********
12:17:54.438 [main] INFO  api.test.UserTests2 - *********** Reading User Info ************
12:17:59.040 [main] INFO  api.test.UserTests2 - Details of Created User ***********
12:17:59.048 [main] INFO  api.test.UserTests2 - ********** Updating User *************
12:18:01.600 [main] INFO  api.test.UserTests2 - ********** User Updated *************
12:18:05.090 [main] INFO  api.test.UserTests2 - *********** Deleting User *********
12:18:08.767 [main] INFO  api.test.UserTests2 - ********** User Deleted **********
12:54:02.084 [main] INFO  api.test.UserTests - ************* Create User ***********
12:54:09.172 [main] INFO  api.test.UserTests - ************** User is Created ***********
12:54:09.196 [main] INFO  api.test.UserTests - *********** Reading User Info ************
12:54:13.793 [main] INFO  api.test.UserTests - Details of Created User ***********
12:54:13.797 [main] INFO  api.test.UserTests - ********** Updating User *************
12:54:18.450 [main] INFO  api.test.UserTests - ********** User Updated *************
12:54:21.882 [main] INFO  api.test.UserTests - *********** Deleting User *********
12:54:26.078 [main] INFO  api.test.UserTests - ********** User Deleted **********
12:54:26.171 [main] INFO  api.test.UserTests2 - ************* Create User ***********
12:54:30.993 [main] INFO  api.test.UserTests2 - ************** User is Created ***********
12:54:30.996 [main] INFO  api.test.UserTests2 - *********** Reading User Info ************
12:54:34.693 [main] INFO  api.test.UserTests2 - Details of Created User ***********
12:54:34.698 [main] INFO  api.test.UserTests2 - ********** Updating User *************
12:54:38.368 [main] INFO  api.test.UserTests2 - ********** User Updated *************
12:54:40.927 [main] INFO  api.test.UserTests2 - *********** Deleting User *********
12:54:44.509 [main] INFO  api.test.UserTests2 - ********** User Deleted **********
13:09:55.737 [main] INFO  api.test.UserTests - ************* Create User ***********
13:10:04.379 [main] INFO  api.test.UserTests - ************** User is Created ***********
13:10:04.405 [main] INFO  api.test.UserTests - *********** Reading User Info ************
13:10:07.639 [main] INFO  api.test.UserTests - Details of Created User ***********
13:10:07.645 [main] INFO  api.test.UserTests - ********** Updating User *************
13:10:11.646 [main] INFO  api.test.UserTests - ********** User Updated *************
13:10:21.054 [main] INFO  api.test.UserTests - *********** Deleting User *********
13:10:23.817 [main] INFO  api.test.UserTests - ********** User Deleted **********
13:10:23.911 [main] INFO  api.test.UserTests2 - ************* Create User ***********
13:10:28.629 [main] INFO  api.test.UserTests2 - ************** User is Created ***********
13:10:28.632 [main] INFO  api.test.UserTests2 - *********** Reading User Info ************
13:10:32.317 [main] INFO  api.test.UserTests2 - Details of Created User ***********
13:10:32.321 [main] INFO  api.test.UserTests2 - ********** Updating User *************
13:10:35.797 [main] INFO  api.test.UserTests2 - ********** User Updated *************
13:10:39.383 [main] INFO  api.test.UserTests2 - *********** Deleting User *********
13:10:42.350 [main] INFO  api.test.UserTests2 - ********** User Deleted **********
13:26:30.317 [main] INFO  api.test.UserTests - ************* Create User ***********
13:26:41.316 [main] INFO  api.test.UserTests - ************** User is Created ***********
13:26:41.332 [main] INFO  api.test.UserTests - *********** Reading User Info ************
13:26:45.924 [main] INFO  api.test.UserTests - Details of Created User ***********
13:26:45.928 [main] INFO  api.test.UserTests - ********** Updating User *************
13:26:51.052 [main] INFO  api.test.UserTests - ********** User Updated *************
13:26:58.335 [main] INFO  api.test.UserTests - *********** Deleting User *********
13:27:03.135 [main] INFO  api.test.UserTests - ********** User Deleted **********
13:27:03.226 [main] INFO  api.test.UserTests2 - ************* Create User ***********
13:27:07.226 [main] INFO  api.test.UserTests2 - ************** User is Created ***********
13:27:07.229 [main] INFO  api.test.UserTests2 - *********** Reading User Info ************
13:27:10.703 [main] INFO  api.test.UserTests2 - Details of Created User ***********
13:27:10.707 [main] INFO  api.test.UserTests2 - ********** Updating User *************
13:27:15.214 [main] INFO  api.test.UserTests2 - ********** User Updated *************
13:27:18.697 [main] INFO  api.test.UserTests2 - *********** Deleting User *********
13:27:24.014 [main] INFO  api.test.UserTests2 - ********** User Deleted **********
